Determining if the pthread_create exist failed with the following output:
Change Dir: /home/dennis/GIT/SoftwareFrameworkAutonomousSystems/catkin_ws/build/test_package/CMakeFiles/CMakeTmp

Run Build Command:"/usr/bin/make" "cmTC_16120/fast"
/usr/bin/make -f CMakeFiles/cmTC_16120.dir/build.make CMakeFiles/cmTC_16120.dir/build
make[1]: Entering directory '/home/dennis/GIT/SoftwareFrameworkAutonomousSystems/catkin_ws/build/test_package/CMakeFiles/CMakeTmp'
Building C object CMakeFiles/cmTC_16120.dir/CheckSymbolExists.c.o
/usr/bin/cc    -o CMakeFiles/cmTC_16120.dir/CheckSymbolExists.c.o   -c /home/dennis/GIT/SoftwareFrameworkAutonomousSystems/catkin_ws/build/test_package/CMakeFiles/CMakeTmp/CheckSymbolExists.c
Linking C executable cmTC_16120
/usr/bin/cmake -E cmake_link_script CMakeFiles/cmTC_16120.dir/link.txt --verbose=1
/usr/bin/cc      -rdynamic CMakeFiles/cmTC_16120.dir/CheckSymbolExists.c.o  -o cmTC_16120 
CMakeFiles/cmTC_16120.dir/CheckSymbolExists.c.o: In function `main':
CheckSymbolExists.c:(.text+0x1b): undefined reference to `pthread_create'
collect2: error: ld returned 1 exit status
CMakeFiles/cmTC_16120.dir/build.make:97: recipe for target 'cmTC_16120' failed
make[1]: *** [cmTC_16120] Error 1
make[1]: Leaving directory '/home/dennis/GIT/SoftwareFrameworkAutonomousSystems/catkin_ws/build/test_package/CMakeFiles/CMakeTmp'
Makefile:126: recipe for target 'cmTC_16120/fast' failed
make: *** [cmTC_16120/fast] Error 2

File /home/dennis/GIT/SoftwareFrameworkAutonomousSystems/catkin_ws/build/test_package/CMakeFiles/CMakeTmp/CheckSymbolExists.c:
/* */
#include <pthread.h>

int main(int argc, char** argv)
{
  (void)argv;
#ifndef pthread_create
  return ((int*)(&pthread_create))[argc];
#else
  (void)argc;
  return 0;
#endif
}

Determining if the function pthread_create exists in the pthreads failed with the following output:
Change Dir: /home/dennis/GIT/SoftwareFrameworkAutonomousSystems/catkin_ws/build/test_package/CMakeFiles/CMakeTmp

Run Build Command:"/usr/bin/make" "cmTC_35d8f/fast"
/usr/bin/make -f CMakeFiles/cmTC_35d8f.dir/build.make CMakeFiles/cmTC_35d8f.dir/build
make[1]: Entering directory '/home/dennis/GIT/SoftwareFrameworkAutonomousSystems/catkin_ws/build/test_package/CMakeFiles/CMakeTmp'
Building C object CMakeFiles/cmTC_35d8f.dir/CheckFunctionExists.c.o
/usr/bin/cc   -DCHECK_FUNCTION_EXISTS=pthread_create   -o CMakeFiles/cmTC_35d8f.dir/CheckFunctionExists.c.o   -c /usr/share/cmake-3.10/Modules/CheckFunctionExists.c
Linking C executable cmTC_35d8f
/usr/bin/cmake -E cmake_link_script CMakeFiles/cmTC_35d8f.dir/link.txt --verbose=1
/usr/bin/cc  -DCHECK_FUNCTION_EXISTS=pthread_create    -rdynamic CMakeFiles/cmTC_35d8f.dir/CheckFunctionExists.c.o  -o cmTC_35d8f -lpthreads 
/usr/bin/ld: cannot find -lpthreads
collect2: error: ld returned 1 exit status
CMakeFiles/cmTC_35d8f.dir/build.make:97: recipe for target 'cmTC_35d8f' failed
make[1]: *** [cmTC_35d8f] Error 1
make[1]: Leaving directory '/home/dennis/GIT/SoftwareFrameworkAutonomousSystems/catkin_ws/build/test_package/CMakeFiles/CMakeTmp'
Makefile:126: recipe for target 'cmTC_35d8f/fast' failed
make: *** [cmTC_35d8f/fast] Error 2


